[[1;34mINFO[m] Scanning for projects...
[[1;34mINFO[m] 
[[1;34mINFO[m] [1m-------------------< [0;36mcom.online.taxi.eureka:eureka[0;1m >--------------------[m
[[1;34mINFO[m] [1mBuilding eureka 0.0.1-SNAPSHOT[m
[[1;34mINFO[m]   from pom.xml
[[1;34mINFO[m] [1m--------------------------------[ jar ]---------------------------------[m
[[1;34mINFO[m] 
[[1;34mINFO[m] [1m>>> [0;32mspring-boot:2.1.7.RELEASE:run[m [1m(default-cli)[0;1m > [0;1mtest-compile[m @ [36meureka[0;1m >>>[m
[[1;34mINFO[m] 
[[1;34mINFO[m] [1m--- [0;32mresources:3.1.0:resources[m [1m(default-resources)[m @ [36meureka[0;1m ---[m
[[1;34mINFO[m] Using 'UTF-8' encoding to copy filtered resources.
[[1;34mINFO[m] Copying 1 resource
[[1;34mINFO[m] Copying 3 resources
[[1;34mINFO[m] 
[[1;34mINFO[m] [1m--- [0;32mcompiler:3.8.1:compile[m [1m(default-compile)[m @ [36meureka[0;1m ---[m
[[1;34mINFO[m] Nothing to compile - all classes are up to date
[[1;34mINFO[m] 
[[1;34mINFO[m] [1m--- [0;32mresources:3.1.0:testResources[m [1m(default-testResources)[m @ [36meureka[0;1m ---[m
[[1;34mINFO[m] Using 'UTF-8' encoding to copy filtered resources.
[[1;34mINFO[m] skip non existing resourceDirectory /workspace/eureka/src/test/resources
[[1;34mINFO[m] 
[[1;34mINFO[m] [1m--- [0;32mcompiler:3.8.1:testCompile[m [1m(default-testCompile)[m @ [36meureka[0;1m ---[m
[[1;34mINFO[m] No sources to compile
[[1;34mINFO[m] 
[[1;34mINFO[m] [1m<<< [0;32mspring-boot:2.1.7.RELEASE:run[m [1m(default-cli)[0;1m < [0;1mtest-compile[m @ [36meureka[0;1m <<<[m
[[1;34mINFO[m] 
[[1;34mINFO[m] 
[[1;34mINFO[m] [1m--- [0;32mspring-boot:2.1.7.RELEASE:run[m [1m(default-cli)[m @ [36meureka[0;1m ---[m
2025-07-30 03:05:07.702  INFO 4142 --- [           main] trationDelegate$BeanPostProcessorChecker : Bean 'org.springframework.cloud.autoconfigure.ConfigurationPropertiesRebinderAutoConfiguration' of type [org.springframework.cloud.autoconfigure.ConfigurationPropertiesRebinderAutoConfiguration$$EnhancerBySpringCGLIB$$c8065707] is not eligible for getting processed by all BeanPostProcessors (for example: not eligible for auto-proxying)

  .   ____          _            __ _ _
 /\\ / ___'_ __ _ _(_)_ __  __ _ \ \ \ \
( ( )\___ | '_ | '_| | '_ \/ _` | \ \ \ \
 \\/  ___)| |_)| | | | | || (_| |  ) ) ) )
  '  |____| .__|_| |_|_| |_\__, | / / / /
 =========|_|==============|___/=/_/_/_/
 :: Spring Boot ::        (v2.1.7.RELEASE)

2025-07-30 03:05:07.812  INFO 4142 --- [           main] c.online.taxi.eureka.EurekaApplication   : The following profiles are active: 7900
2025-07-30 03:05:08.166  WARN 4142 --- [           main] o.s.boot.actuate.endpoint.EndpointId     : Endpoint ID 'service-registry' contains invalid characters, please migrate to a valid format.
2025-07-30 03:05:08.333  INFO 4142 --- [           main] o.s.cloud.context.scope.GenericScope     : BeanFactory id=a9a6459e-3656-3d73-b0c2-8c77c59b85df
2025-07-30 03:05:08.380  INFO 4142 --- [           main] trationDelegate$BeanPostProcessorChecker : Bean 'org.springframework.cloud.autoconfigure.ConfigurationPropertiesRebinderAutoConfiguration' of type [org.springframework.cloud.autoconfigure.ConfigurationPropertiesRebinderAutoConfiguration$$EnhancerBySpringCGLIB$$c8065707] is not eligible for getting processed by all BeanPostProcessors (for example: not eligible for auto-proxying)
2025-07-30 03:05:08.490  INFO 4142 --- [           main] o.s.b.w.embedded.tomcat.TomcatWebServer  : Tomcat initialized with port(s): 7900 (http)
2025-07-30 03:05:08.504  INFO 4142 --- [           main] o.apache.catalina.core.StandardService   : Starting service [Tomcat]
2025-07-30 03:05:08.504  INFO 4142 --- [           main] org.apache.catalina.core.StandardEngine  : Starting Servlet engine: [Apache Tomcat/9.0.22]
2025-07-30 03:05:08.552  INFO 4142 --- [           main] o.a.c.c.C.[Tomcat].[localhost].[/]       : Initializing Spring embedded WebApplicationContext
2025-07-30 03:05:08.553  INFO 4142 --- [           main] o.s.web.context.ContextLoader            : Root WebApplicationContext: initialization completed in 733 ms
2025-07-30 03:05:08.607  WARN 4142 --- [           main] c.n.c.sources.URLConfigurationSource     : No URLs will be polled as dynamic configuration sources.
2025-07-30 03:05:08.607  INFO 4142 --- [           main] c.n.c.sources.URLConfigurationSource     : To enable URLs as dynamic configuration sources, define System property archaius.configurationSource.additionalUrls or make config.properties available on classpath.
2025-07-30 03:05:08.612  INFO 4142 --- [           main] c.netflix.config.DynamicPropertyFactory  : DynamicPropertyFactory is initialized with configuration sources: com.netflix.config.ConcurrentCompositeConfiguration@50469818
2025-07-30 03:05:08.959  INFO 4142 --- [           main] c.s.j.s.i.a.WebApplicationImpl           : Initiating Jersey application, version 'Jersey: 1.19.1 03/11/2016 02:08 PM'
2025-07-30 03:05:08.989 ERROR 4142 --- [           main] o.a.c.c.C.[Tomcat].[localhost].[/]       : Exception starting filter [servletContainer]

java.lang.TypeNotPresentException: Type javax.xml.bind.JAXBContext not present
	at java.base/sun.reflect.generics.factory.CoreReflectionFactory.makeNamedType(CoreReflectionFactory.java:117) ~[na:na]
	at java.base/sun.reflect.generics.visitor.Reifier.visitClassTypeSignature(Reifier.java:125) ~[na:na]
	at java.base/sun.reflect.generics.tree.ClassTypeSignature.accept(ClassTypeSignature.java:49) ~[na:na]
	at java.base/sun.reflect.generics.visitor.Reifier.reifyTypeArguments(Reifier.java:68) ~[na:na]
	at java.base/sun.reflect.generics.visitor.Reifier.visitClassTypeSignature(Reifier.java:138) ~[na:na]
	at java.base/sun.reflect.generics.tree.ClassTypeSignature.accept(ClassTypeSignature.java:49) ~[na:na]
	at java.base/sun.reflect.generics.repository.ClassRepository.computeSuperInterfaces(ClassRepository.java:117) ~[na:na]
	at java.base/sun.reflect.generics.repository.ClassRepository.getSuperInterfaces(ClassRepository.java:95) ~[na:na]
	at java.base/java.lang.Class.getGenericInterfaces(Class.java:1296) ~[na:na]
	at com.sun.jersey.core.reflection.ReflectionHelper.getClass(ReflectionHelper.java:629) ~[jersey-core-1.19.1.jar:1.19.1]
	at com.sun.jersey.core.reflection.ReflectionHelper.getClass(ReflectionHelper.java:625) ~[jersey-core-1.19.1.jar:1.19.1]
	at com.sun.jersey.core.spi.factory.ContextResolverFactory.getParameterizedType(ContextResolverFactory.java:202) ~[jersey-core-1.19.1.jar:1.19.1]
	at com.sun.jersey.core.spi.factory.ContextResolverFactory.init(ContextResolverFactory.java:89) ~[jersey-core-1.19.1.jar:1.19.1]
	at com.sun.jersey.server.impl.application.WebApplicationImpl._initiate(WebApplicationImpl.java:1332) ~[jersey-server-1.19.1.jar:1.19.1]
	at com.sun.jersey.server.impl.application.WebApplicationImpl.access$700(WebApplicationImpl.java:180) ~[jersey-server-1.19.1.jar:1.19.1]
	at com.sun.jersey.server.impl.application.WebApplicationImpl$13.f(WebApplicationImpl.java:799) ~[jersey-server-1.19.1.jar:1.19.1]
	at com.sun.jersey.server.impl.application.WebApplicationImpl$13.f(WebApplicationImpl.java:795) ~[jersey-server-1.19.1.jar:1.19.1]
	at com.sun.jersey.spi.inject.Errors.processWithErrors(Errors.java:193) ~[jersey-core-1.19.1.jar:1.19.1]
	at com.sun.jersey.server.impl.application.WebApplicationImpl.initiate(WebApplicationImpl.java:795) ~[jersey-server-1.19.1.jar:1.19.1]
	at com.sun.jersey.server.impl.application.WebApplicationImpl.initiate(WebApplicationImpl.java:790) ~[jersey-server-1.19.1.jar:1.19.1]
	at com.sun.jersey.spi.container.servlet.ServletContainer.initiate(ServletContainer.java:509) ~[jersey-servlet-1.19.1.jar:1.19.1]
	at com.sun.jersey.spi.container.servlet.ServletContainer$InternalWebComponent.initiate(ServletContainer.java:339) ~[jersey-servlet-1.19.1.jar:1.19.1]
	at com.sun.jersey.spi.container.servlet.WebComponent.load(WebComponent.java:605) ~[jersey-servlet-1.19.1.jar:1.19.1]
	at com.sun.jersey.spi.container.servlet.WebComponent.init(WebComponent.java:207) ~[jersey-servlet-1.19.1.jar:1.19.1]
	at com.sun.jersey.spi.container.servlet.ServletContainer.init(ServletContainer.java:394) ~[jersey-servlet-1.19.1.jar:1.19.1]
	at com.sun.jersey.spi.container.servlet.ServletContainer.init(ServletContainer.java:744) ~[jersey-servlet-1.19.1.jar:1.19.1]
	at org.apache.catalina.core.ApplicationFilterConfig.initFilter(ApplicationFilterConfig.java:270) ~[tomcat-embed-core-9.0.22.jar:9.0.22]
	at org.apache.catalina.core.ApplicationFilterConfig.<init>(ApplicationFilterConfig.java:106) ~[tomcat-embed-core-9.0.22.jar:9.0.22]
	at org.apache.catalina.core.StandardContext.filterStart(StandardContext.java:4530) ~[tomcat-embed-core-9.0.22.jar:9.0.22]
	at org.apache.catalina.core.StandardContext.startInternal(StandardContext.java:5169) ~[tomcat-embed-core-9.0.22.jar:9.0.22]
	at org.apache.catalina.util.LifecycleBase.start(LifecycleBase.java:183) ~[tomcat-embed-core-9.0.22.jar:9.0.22]
	at org.apache.catalina.core.ContainerBase$StartChild.call(ContainerBase.java:1384) ~[tomcat-embed-core-9.0.22.jar:9.0.22]
	at org.apache.catalina.core.ContainerBase$StartChild.call(ContainerBase.java:1374) ~[tomcat-embed-core-9.0.22.jar:9.0.22]
	at java.base/java.util.concurrent.FutureTask.run(FutureTask.java:317) ~[na:na]
	at org.apache.tomcat.util.threads.InlineExecutorService.execute(InlineExecutorService.java:75) ~[tomcat-embed-core-9.0.22.jar:9.0.22]
	at java.base/java.util.concurrent.AbstractExecutorService.submit(AbstractExecutorService.java:145) ~[na:na]
	at org.apache.catalina.core.ContainerBase.startInternal(ContainerBase.java:909) ~[tomcat-embed-core-9.0.22.jar:9.0.22]
	at org.apache.catalina.core.StandardHost.startInternal(StandardHost.java:841) ~[tomcat-embed-core-9.0.22.jar:9.0.22]
	at org.apache.catalina.util.LifecycleBase.start(LifecycleBase.java:183) ~[tomcat-embed-core-9.0.22.jar:9.0.22]
	at org.apache.catalina.core.ContainerBase$StartChild.call(ContainerBase.java:1384) ~[tomcat-embed-core-9.0.22.jar:9.0.22]
	at org.apache.catalina.core.ContainerBase$StartChild.call(ContainerBase.java:1374) ~[tomcat-embed-core-9.0.22.jar:9.0.22]
	at java.base/java.util.concurrent.FutureTask.run(FutureTask.java:317) ~[na:na]
	at org.apache.tomcat.util.threads.InlineExecutorService.execute(InlineExecutorService.java:75) ~[tomcat-embed-core-9.0.22.jar:9.0.22]
	at java.base/java.util.concurrent.AbstractExecutorService.submit(AbstractExecutorService.java:145) ~[na:na]
	at org.apache.catalina.core.ContainerBase.startInternal(ContainerBase.java:909) ~[tomcat-embed-core-9.0.22.jar:9.0.22]
	at org.apache.catalina.core.StandardEngine.startInternal(StandardEngine.java:262) ~[tomcat-embed-core-9.0.22.jar:9.0.22]
	at org.apache.catalina.util.LifecycleBase.start(LifecycleBase.java:183) ~[tomcat-embed-core-9.0.22.jar:9.0.22]
	at org.apache.catalina.core.StandardService.startInternal(StandardService.java:421) ~[tomcat-embed-core-9.0.22.jar:9.0.22]
	at org.apache.catalina.util.LifecycleBase.start(LifecycleBase.java:183) ~[tomcat-embed-core-9.0.22.jar:9.0.22]
	at org.apache.catalina.core.StandardServer.startInternal(StandardServer.java:932) ~[tomcat-embed-core-9.0.22.jar:9.0.22]
	at org.apache.catalina.util.LifecycleBase.start(LifecycleBase.java:183) ~[tomcat-embed-core-9.0.22.jar:9.0.22]
	at org.apache.catalina.startup.Tomcat.start(Tomcat.java:456) ~[tomcat-embed-core-9.0.22.jar:9.0.22]
	at org.springframework.boot.web.embedded.tomcat.TomcatWebServer.initialize(TomcatWebServer.java:105) ~[spring-boot-2.1.7.RELEASE.jar:2.1.7.RELEASE]
	at org.springframework.boot.web.embedded.tomcat.TomcatWebServer.<init>(TomcatWebServer.java:86) ~[spring-boot-2.1.7.RELEASE.jar:2.1.7.RELEASE]
	at org.springframework.boot.web.embedded.tomcat.TomcatServletWebServerFactory.getTomcatWebServer(TomcatServletWebServerFactory.java:416) ~[spring-boot-2.1.7.RELEASE.jar:2.1.7.RELEASE]
	at org.springframework.boot.web.embedded.tomcat.TomcatServletWebServerFactory.getWebServer(TomcatServletWebServerFactory.java:180) ~[spring-boot-2.1.7.RELEASE.jar:2.1.7.RELEASE]
	at org.springframework.boot.web.servlet.context.ServletWebServerApplicationContext.createWebServer(ServletWebServerApplicationContext.java:180) ~[spring-boot-2.1.7.RELEASE.jar:2.1.7.RELEASE]
	at org.springframework.boot.web.servlet.context.ServletWebServerApplicationContext.onRefresh(ServletWebServerApplicationContext.java:153) ~[spring-boot-2.1.7.RELEASE.jar:2.1.7.RELEASE]
	at org.springframework.context.support.AbstractApplicationContext.refresh(AbstractApplicationContext.java:543) ~[spring-context-5.1.9.RELEASE.jar:5.1.9.RELEASE]
	at org.springframework.boot.web.servlet.context.ServletWebServerApplicationContext.refresh(ServletWebServerApplicationContext.java:141) ~[spring-boot-2.1.7.RELEASE.jar:2.1.7.RELEASE]
	at org.springframework.boot.SpringApplication.refresh(SpringApplication.java:743) ~[spring-boot-2.1.7.RELEASE.jar:2.1.7.RELEASE]
	at org.springframework.boot.SpringApplication.refreshContext(SpringApplication.java:390) ~[spring-boot-2.1.7.RELEASE.jar:2.1.7.RELEASE]
	at org.springframework.boot.SpringApplication.run(SpringApplication.java:312) ~[spring-boot-2.1.7.RELEASE.jar:2.1.7.RELEASE]
	at org.springframework.boot.SpringApplication.run(SpringApplication.java:1214) ~[spring-boot-2.1.7.RELEASE.jar:2.1.7.RELEASE]
	at org.springframework.boot.SpringApplication.run(SpringApplication.java:1203) ~[spring-boot-2.1.7.RELEASE.jar:2.1.7.RELEASE]
	at com.online.taxi.eureka.EurekaApplication.main(EurekaApplication.java:18) ~[classes/:na]
	at java.base/jdk.internal.reflect.DirectMethodHandleAccessor.invoke(DirectMethodHandleAccessor.java:103) ~[na:na]
	at java.base/java.lang.reflect.Method.invoke(Method.java:580) ~[na:na]
	at org.springframework.boot.maven.AbstractRunMojo$LaunchRunner.run(AbstractRunMojo.java:543) ~[na:na]
	at java.base/java.lang.Thread.run(Thread.java:1583) ~[na:na]
Caused by: java.lang.ClassNotFoundException: javax.xml.bind.JAXBContext
	at java.base/java.net.URLClassLoader.findClass(URLClassLoader.java:445) ~[na:na]
	at java.base/java.lang.ClassLoader.loadClass(ClassLoader.java:593) ~[na:na]
	at java.base/java.lang.ClassLoader.loadClass(ClassLoader.java:526) ~[na:na]
	at java.base/java.lang.Class.forName0(Native Method) ~[na:na]
	at java.base/java.lang.Class.forName(Class.java:534) ~[na:na]
	at java.base/java.lang.Class.forName(Class.java:513) ~[na:na]
	at java.base/sun.reflect.generics.factory.CoreReflectionFactory.makeNamedType(CoreReflectionFactory.java:114) ~[na:na]
	... 69 common frames omitted

2025-07-30 03:05:08.989 ERROR 4142 --- [           main] o.apache.catalina.core.StandardContext   : One or more Filters failed to start. Full details will be found in the appropriate container log file
2025-07-30 03:05:08.990 ERROR 4142 --- [           main] o.apache.catalina.core.StandardContext   : Context [] startup failed due to previous errors
2025-07-30 03:05:08.992  WARN 4142 --- [           main] o.a.c.loader.WebappClassLoaderBase       : The web application [ROOT] appears to have started a thread named [spring.cloud.inetutils] but has failed to stop it. This is very likely to create a memory leak. Stack trace of thread:
 java.base/jdk.internal.misc.Unsafe.park(Native Method)
 java.base/java.util.concurrent.locks.LockSupport.park(LockSupport.java:371)
 java.base/java.util.concurrent.locks.AbstractQueuedSynchronizer$ConditionNode.block(AbstractQueuedSynchronizer.java:519)
 java.base/java.util.concurrent.ForkJoinPool.unmanagedBlock(ForkJoinPool.java:3780)
 java.base/java.util.concurrent.ForkJoinPool.managedBlock(ForkJoinPool.java:3725)
 java.base/java.util.concurrent.locks.AbstractQueuedSynchronizer$ConditionObject.await(AbstractQueuedSynchronizer.java:1712)
 java.base/java.util.concurrent.LinkedBlockingQueue.take(LinkedBlockingQueue.java:435)
 java.base/java.util.concurrent.ThreadPoolExecutor.getTask(ThreadPoolExecutor.java:1070)
 java.base/java.util.concurrent.ThreadPoolExecutor.runWorker(ThreadPoolExecutor.java:1130)
 java.base/java.util.concurrent.ThreadPoolExecutor$Worker.run(ThreadPoolExecutor.java:642)
 java.base/java.lang.Thread.run(Thread.java:1583)
2025-07-30 03:05:09.009  INFO 4142 --- [           main] o.apache.catalina.core.StandardService   : Stopping service [Tomcat]
2025-07-30 03:05:09.011  WARN 4142 --- [           main] ConfigServletWebServerApplicationContext : Exception encountered during context initialization - cancelling refresh attempt: org.springframework.context.ApplicationContextException: Unable to start web server; nested exception is org.springframework.boot.web.server.WebServerException: Unable to start embedded Tomcat
2025-07-30 03:05:09.018  INFO 4142 --- [           main] ConditionEvaluationReportLoggingListener : 

Error starting ApplicationContext. To display the conditions report re-run your application with 'debug' enabled.
2025-07-30 03:05:09.019 ERROR 4142 --- [           main] o.s.boot.SpringApplication               : Application run failed

org.springframework.context.ApplicationContextException: Unable to start web server; nested exception is org.springframework.boot.web.server.WebServerException: Unable to start embedded Tomcat
	at org.springframework.boot.web.servlet.context.ServletWebServerApplicationContext.onRefresh(ServletWebServerApplicationContext.java:156) ~[spring-boot-2.1.7.RELEASE.jar:2.1.7.RELEASE]
	at org.springframework.context.support.AbstractApplicationContext.refresh(AbstractApplicationContext.java:543) ~[spring-context-5.1.9.RELEASE.jar:5.1.9.RELEASE]
	at org.springframework.boot.web.servlet.context.ServletWebServerApplicationContext.refresh(ServletWebServerApplicationContext.java:141) ~[spring-boot-2.1.7.RELEASE.jar:2.1.7.RELEASE]
	at org.springframework.boot.SpringApplication.refresh(SpringApplication.java:743) ~[spring-boot-2.1.7.RELEASE.jar:2.1.7.RELEASE]
	at org.springframework.boot.SpringApplication.refreshContext(SpringApplication.java:390) ~[spring-boot-2.1.7.RELEASE.jar:2.1.7.RELEASE]
	at org.springframework.boot.SpringApplication.run(SpringApplication.java:312) ~[spring-boot-2.1.7.RELEASE.jar:2.1.7.RELEASE]
	at org.springframework.boot.SpringApplication.run(SpringApplication.java:1214) ~[spring-boot-2.1.7.RELEASE.jar:2.1.7.RELEASE]
	at org.springframework.boot.SpringApplication.run(SpringApplication.java:1203) ~[spring-boot-2.1.7.RELEASE.jar:2.1.7.RELEASE]
	at com.online.taxi.eureka.EurekaApplication.main(EurekaApplication.java:18) ~[classes/:na]
	at java.base/jdk.internal.reflect.DirectMethodHandleAccessor.invoke(DirectMethodHandleAccessor.java:103) ~[na:na]
	at java.base/java.lang.reflect.Method.invoke(Method.java:580) ~[na:na]
	at org.springframework.boot.maven.AbstractRunMojo$LaunchRunner.run(AbstractRunMojo.java:543) ~[na:na]
	at java.base/java.lang.Thread.run(Thread.java:1583) ~[na:na]
Caused by: org.springframework.boot.web.server.WebServerException: Unable to start embedded Tomcat
	at org.springframework.boot.web.embedded.tomcat.TomcatWebServer.initialize(TomcatWebServer.java:124) ~[spring-boot-2.1.7.RELEASE.jar:2.1.7.RELEASE]
	at org.springframework.boot.web.embedded.tomcat.TomcatWebServer.<init>(TomcatWebServer.java:86) ~[spring-boot-2.1.7.RELEASE.jar:2.1.7.RELEASE]
	at org.springframework.boot.web.embedded.tomcat.TomcatServletWebServerFactory.getTomcatWebServer(TomcatServletWebServerFactory.java:416) ~[spring-boot-2.1.7.RELEASE.jar:2.1.7.RELEASE]
	at org.springframework.boot.web.embedded.tomcat.TomcatServletWebServerFactory.getWebServer(TomcatServletWebServerFactory.java:180) ~[spring-boot-2.1.7.RELEASE.jar:2.1.7.RELEASE]
	at org.springframework.boot.web.servlet.context.ServletWebServerApplicationContext.createWebServer(ServletWebServerApplicationContext.java:180) ~[spring-boot-2.1.7.RELEASE.jar:2.1.7.RELEASE]
	at org.springframework.boot.web.servlet.context.ServletWebServerApplicationContext.onRefresh(ServletWebServerApplicationContext.java:153) ~[spring-boot-2.1.7.RELEASE.jar:2.1.7.RELEASE]
	... 12 common frames omitted
Caused by: java.lang.IllegalStateException: StandardEngine[Tomcat].StandardHost[localhost].TomcatEmbeddedContext[] failed to start
	at org.springframework.boot.web.embedded.tomcat.TomcatWebServer.rethrowDeferredStartupExceptions(TomcatWebServer.java:169) ~[spring-boot-2.1.7.RELEASE.jar:2.1.7.RELEASE]
	at org.springframework.boot.web.embedded.tomcat.TomcatWebServer.initialize(TomcatWebServer.java:108) ~[spring-boot-2.1.7.RELEASE.jar:2.1.7.RELEASE]
	... 17 common frames omitted

[[1;33mWARNING[m] 
[1;31mjava.lang.reflect.InvocationTargetException[m
    [1mat[m jdk.internal.reflect.DirectMethodHandleAccessor.invoke ([1mDirectMethodHandleAccessor.java:118[m)
    [1mat[m java.lang.reflect.Method.invoke ([1mMethod.java:580[m)
    [1mat[m org.springframework.boot.maven.AbstractRunMojo$LaunchRunner.run ([1mAbstractRunMojo.java:543[m)
    [1mat[m java.lang.Thread.run ([1mThread.java:1583[m)
[1mCaused by[m: org.springframework.context.ApplicationContextException: [1;31mUnable to start web server; nested exception is org.springframework.boot.web.server.WebServerException: Unable to start embedded Tomcat[m
    [1mat[m org.springframework.boot.web.servlet.context.ServletWebServerApplicationContext.onRefresh ([1mServletWebServerApplicationContext.java:156[m)
    [1mat[m org.springframework.context.support.AbstractApplicationContext.refresh ([1mAbstractApplicationContext.java:543[m)
    [1mat[m org.springframework.boot.web.servlet.context.ServletWebServerApplicationContext.refresh ([1mServletWebServerApplicationContext.java:141[m)
    [1mat[m org.springframework.boot.SpringApplication.refresh ([1mSpringApplication.java:743[m)
    [1mat[m org.springframework.boot.SpringApplication.refreshContext ([1mSpringApplication.java:390[m)
    [1mat[m org.springframework.boot.SpringApplication.run ([1mSpringApplication.java:312[m)
    [1mat[m org.springframework.boot.SpringApplication.run ([1mSpringApplication.java:1214[m)
    [1mat[m org.springframework.boot.SpringApplication.run ([1mSpringApplication.java:1203[m)
    [1mat[m com.online.taxi.eureka.EurekaApplication.main ([1mEurekaApplication.java:18[m)
    [1mat[m jdk.internal.reflect.DirectMethodHandleAccessor.invoke ([1mDirectMethodHandleAccessor.java:103[m)
    [1mat[m java.lang.reflect.Method.invoke ([1mMethod.java:580[m)
    [1mat[m org.springframework.boot.maven.AbstractRunMojo$LaunchRunner.run ([1mAbstractRunMojo.java:543[m)
    [1mat[m java.lang.Thread.run ([1mThread.java:1583[m)
[1mCaused by[m: org.springframework.boot.web.server.WebServerException: [1;31mUnable to start embedded Tomcat[m
    [1mat[m org.springframework.boot.web.embedded.tomcat.TomcatWebServer.initialize ([1mTomcatWebServer.java:124[m)
    [1mat[m org.springframework.boot.web.embedded.tomcat.TomcatWebServer.<init> ([1mTomcatWebServer.java:86[m)
    [1mat[m org.springframework.boot.web.embedded.tomcat.TomcatServletWebServerFactory.getTomcatWebServer ([1mTomcatServletWebServerFactory.java:416[m)
    [1mat[m org.springframework.boot.web.embedded.tomcat.TomcatServletWebServerFactory.getWebServer ([1mTomcatServletWebServerFactory.java:180[m)
    [1mat[m org.springframework.boot.web.servlet.context.ServletWebServerApplicationContext.createWebServer ([1mServletWebServerApplicationContext.java:180[m)
    [1mat[m org.springframework.boot.web.servlet.context.ServletWebServerApplicationContext.onRefresh ([1mServletWebServerApplicationContext.java:153[m)
    [1mat[m org.springframework.context.support.AbstractApplicationContext.refresh ([1mAbstractApplicationContext.java:543[m)
    [1mat[m org.springframework.boot.web.servlet.context.ServletWebServerApplicationContext.refresh ([1mServletWebServerApplicationContext.java:141[m)
    [1mat[m org.springframework.boot.SpringApplication.refresh ([1mSpringApplication.java:743[m)
    [1mat[m org.springframework.boot.SpringApplication.refreshContext ([1mSpringApplication.java:390[m)
    [1mat[m org.springframework.boot.SpringApplication.run ([1mSpringApplication.java:312[m)
    [1mat[m org.springframework.boot.SpringApplication.run ([1mSpringApplication.java:1214[m)
    [1mat[m org.springframework.boot.SpringApplication.run ([1mSpringApplication.java:1203[m)
    [1mat[m com.online.taxi.eureka.EurekaApplication.main ([1mEurekaApplication.java:18[m)
    [1mat[m jdk.internal.reflect.DirectMethodHandleAccessor.invoke ([1mDirectMethodHandleAccessor.java:103[m)
    [1mat[m java.lang.reflect.Method.invoke ([1mMethod.java:580[m)
    [1mat[m org.springframework.boot.maven.AbstractRunMojo$LaunchRunner.run ([1mAbstractRunMojo.java:543[m)
    [1mat[m java.lang.Thread.run ([1mThread.java:1583[m)
[1mCaused by[m: java.lang.IllegalStateException: [1;31mStandardEngine[Tomcat].StandardHost[localhost].TomcatEmbeddedContext[] failed to start[m
    [1mat[m org.springframework.boot.web.embedded.tomcat.TomcatWebServer.rethrowDeferredStartupExceptions ([1mTomcatWebServer.java:169[m)
    [1mat[m org.springframework.boot.web.embedded.tomcat.TomcatWebServer.initialize ([1mTomcatWebServer.java:108[m)
    [1mat[m org.springframework.boot.web.embedded.tomcat.TomcatWebServer.<init> ([1mTomcatWebServer.java:86[m)
    [1mat[m org.springframework.boot.web.embedded.tomcat.TomcatServletWebServerFactory.getTomcatWebServer ([1mTomcatServletWebServerFactory.java:416[m)
    [1mat[m org.springframework.boot.web.embedded.tomcat.TomcatServletWebServerFactory.getWebServer ([1mTomcatServletWebServerFactory.java:180[m)
    [1mat[m org.springframework.boot.web.servlet.context.ServletWebServerApplicationContext.createWebServer ([1mServletWebServerApplicationContext.java:180[m)
    [1mat[m org.springframework.boot.web.servlet.context.ServletWebServerApplicationContext.onRefresh ([1mServletWebServerApplicationContext.java:153[m)
    [1mat[m org.springframework.context.support.AbstractApplicationContext.refresh ([1mAbstractApplicationContext.java:543[m)
    [1mat[m org.springframework.boot.web.servlet.context.ServletWebServerApplicationContext.refresh ([1mServletWebServerApplicationContext.java:141[m)
    [1mat[m org.springframework.boot.SpringApplication.refresh ([1mSpringApplication.java:743[m)
    [1mat[m org.springframework.boot.SpringApplication.refreshContext ([1mSpringApplication.java:390[m)
    [1mat[m org.springframework.boot.SpringApplication.run ([1mSpringApplication.java:312[m)
    [1mat[m org.springframework.boot.SpringApplication.run ([1mSpringApplication.java:1214[m)
    [1mat[m org.springframework.boot.SpringApplication.run ([1mSpringApplication.java:1203[m)
    [1mat[m com.online.taxi.eureka.EurekaApplication.main ([1mEurekaApplication.java:18[m)
    [1mat[m jdk.internal.reflect.DirectMethodHandleAccessor.invoke ([1mDirectMethodHandleAccessor.java:103[m)
    [1mat[m java.lang.reflect.Method.invoke ([1mMethod.java:580[m)
    [1mat[m org.springframework.boot.maven.AbstractRunMojo$LaunchRunner.run ([1mAbstractRunMojo.java:543[m)
    [1mat[m java.lang.Thread.run ([1mThread.java:1583[m)
[[1;34mINFO[m] [1m------------------------------------------------------------------------[m
[[1;34mINFO[m] [1;31mBUILD FAILURE[m
[[1;34mINFO[m] [1m------------------------------------------------------------------------[m
[[1;34mINFO[m] Total time:  2.813 s
[[1;34mINFO[m] Finished at: 2025-07-30T03:05:09Z
[[1;34mINFO[m] [1m------------------------------------------------------------------------[m
[[1;31mERROR[m] Failed to execute goal [32morg.springframework.boot:spring-boot-maven-plugin:2.1.7.RELEASE:run[m [1m(default-cli)[m on project [36meureka[m: [1;31mAn exception occurred while running. null[m: InvocationTargetException: Unable to start web server; nested exception is org.springframework.boot.web.server.WebServerException: Unable to start embedded Tomcat: StandardEngine[Tomcat].StandardHost[localhost].TomcatEmbeddedContext[] failed to start -> [1m[Help 1][m
[[1;31mERROR[m] 
[[1;31mERROR[m] To see the full stack trace of the errors, re-run Maven with the [1m-e[m switch.
[[1;31mERROR[m] Re-run Maven using the [1m-X[m switch to enable full debug logging.
[[1;31mERROR[m] 
[[1;31mERROR[m] For more information about the errors and possible solutions, please read the following articles:
[[1;31mERROR[m] [1m[Help 1][m http://cwiki.apache.org/confluence/display/MAVEN/MojoExecutionException
